SF:lib\src\models\transactions\airtime_transaction.dart
DA:8,2
DA:15,2
DA:24,2
DA:26,2
DA:30,8
DA:31,6
DA:32,2
DA:33,6
DA:34,6
DA:35,8
DA:36,8
DA:40,0
DA:42,0
DA:44,0
DA:45,0
DA:46,0
DA:47,0
DA:48,0
DA:49,0
DA:50,0
DA:54,0
DA:56,0
LF:22
LH:11
end_of_record
SF:lib\src\models\transactions\deposit_transaction.dart
DA:9,2
DA:17,2
DA:26,2
DA:28,2
DA:32,8
DA:33,6
DA:34,2
DA:35,6
DA:36,6
DA:37,8
DA:38,8
DA:39,6
DA:42,0
DA:44,0
DA:46,0
DA:47,0
DA:48,0
DA:49,0
DA:50,0
DA:51,0
DA:52,0
DA:53,0
DA:57,0
DA:59,0
LF:24
LH:12
end_of_record
SF:lib\src\models\transactions\fuliza_transaction.dart
DA:9,2
DA:16,2
DA:25,2
DA:27,2
DA:31,8
DA:32,6
DA:33,8
DA:34,2
DA:35,6
DA:38,0
DA:40,0
DA:42,0
DA:43,0
DA:44,0
DA:45,0
DA:46,0
DA:47,0
DA:48,0
DA:49,0
DA:53,0
DA:55,0
LF:21
LH:9
end_of_record
SF:lib\src\models\transactions\lipa_na_mpesa_transaction.dart
DA:9,2
DA:17,2
DA:26,2
DA:28,2
DA:31,6
DA:32,4
DA:33,2
DA:34,6
DA:35,6
DA:36,8
DA:37,6
DA:38,4
DA:41,0
DA:43,0
DA:45,0
DA:46,0
DA:47,0
DA:48,0
DA:49,0
DA:50,0
DA:51,0
DA:52,0
DA:56,0
DA:58,0
LF:24
LH:12
end_of_record
SF:lib\src\models\transactions\paybill_transaction.dart
DA:10,2
DA:20,2
DA:29,2
DA:31,2
DA:35,8
DA:36,6
DA:38,8
DA:39,2
DA:40,6
DA:41,6
DA:42,8
DA:43,8
DA:44,6
DA:45,6
DA:48,0
DA:50,0
DA:52,0
DA:53,0
DA:54,0
DA:55,0
DA:56,0
DA:57,0
DA:58,0
DA:59,0
DA:60,0
DA:64,0
DA:66,0
LF:27
LH:14
end_of_record
SF:lib\src\models\transactions\receive_money_transaction.dart
DA:10,2
DA:19,2
DA:28,2
DA:30,2
DA:33,6
DA:34,4
DA:35,2
DA:36,6
DA:37,6
DA:38,8
DA:39,6
DA:40,2
DA:41,2
DA:44,0
DA:46,0
DA:48,0
DA:49,0
DA:50,0
DA:51,0
DA:52,0
DA:53,0
DA:54,0
DA:55,0
DA:56,0
DA:60,0
DA:62,0
LF:26
LH:13
end_of_record
SF:lib\src\models\transactions\send_money_transaction.dart
DA:10,2
DA:20,2
DA:29,2
DA:31,2
DA:35,8
DA:36,6
DA:38,8
DA:39,2
DA:40,6
DA:41,6
DA:42,8
DA:43,8
DA:44,6
DA:45,6
DA:48,0
DA:50,0
DA:52,0
DA:53,0
DA:54,0
DA:55,0
DA:56,0
DA:57,0
DA:58,0
DA:59,0
DA:60,0
DA:64,0
DA:66,0
LF:27
LH:14
end_of_record
SF:lib\src\models\transactions\transaction.dart
DA:24,2
DA:37,0
DA:38,0
DA:47,0
DA:49,0
DA:52,0
DA:54,0
LF:7
LH:1
end_of_record
SF:lib\src\models\transactions\withdraw_transaction.dart
DA:10,2
DA:20,2
DA:29,2
DA:31,2
DA:35,8
DA:36,6
DA:38,8
DA:39,2
DA:40,6
DA:41,6
DA:42,8
DA:43,8
DA:44,6
DA:45,6
DA:48,0
DA:50,0
DA:52,0
DA:53,0
DA:54,0
DA:55,0
DA:56,0
DA:57,0
DA:58,0
DA:59,0
DA:60,0
DA:64,0
DA:66,0
LF:27
LH:14
end_of_record
SF:lib\src\utils\patterns.dart
DA:4,6
DA:5,2
DA:7,2
DA:9,2
DA:11,2
DA:13,2
DA:15,2
DA:17,2
DA:19,2
DA:21,2
DA:25,2
DA:27,4
DA:29,2
LF:13
LH:13
end_of_record
SF:lib\src\utils\datetime.dart
DA:1,2
DA:3,2
DA:4,4
DA:5,4
DA:6,6
DA:7,2
DA:8,4
DA:9,4
DA:11,4
DA:12,6
LF:10
LH:10
end_of_record
SF:lib\src\utils\money.dart
DA:5,10
DA:7,2
DA:9,8
DA:10,6
LF:4
LH:4
end_of_record
SF:lib\src\features\message_upload.dart
DA:29,0
DA:30,0
DA:31,0
DA:32,0
DA:34,0
DA:35,0
DA:36,0
DA:38,0
DA:39,0
DA:42,0
DA:43,0
DA:47,0
DA:48,0
DA:49,0
DA:50,0
DA:51,0
DA:60,0
DA:77,1
DA:82,1
DA:84,0
DA:87,1
DA:88,1
DA:90,1
DA:91,1
DA:93,1
DA:94,1
DA:96,1
DA:97,1
DA:99,1
DA:100,1
DA:102,1
DA:103,1
DA:105,1
DA:106,1
DA:108,1
DA:109,1
DA:111,0
DA:112,0
DA:117,1
DA:120,0
DA:122,4
DA:123,1
DA:124,3
DA:125,1
DA:127,1
DA:134,0
LF:46
LH:24
end_of_record
SF:lib\src\features\message_handler.dart
DA:7,0
DA:8,0
DA:9,0
DA:10,0
DA:11,0
DA:13,0
DA:16,0
DA:18,0
DA:21,0
DA:23,0
DA:24,0
DA:31,0
DA:37,0
DA:38,0
DA:39,0
DA:40,0
DA:43,0
DA:45,0
DA:46,0
DA:47,0
LF:20
LH:0
end_of_record
SF:lib\src\models\transactions\airtime_for_transaction.dart
DA:9,0
DA:17,0
DA:25,0
DA:27,0
DA:31,0
DA:32,0
DA:33,0
DA:34,0
DA:35,0
DA:36,0
DA:37,0
DA:38,0
DA:42,0
DA:44,0
DA:46,0
DA:47,0
DA:48,0
DA:49,0
DA:50,0
DA:51,0
DA:52,0
DA:53,0
DA:57,0
DA:59,0
LF:24
LH:0
end_of_record
